#-----------------------------------------------------------
# Vivado v2022.2 (64-bit)
# SW Build 3671981 on Fri Oct 14 05:00:03 MDT 2022
# IP Build 3669848 on Fri Oct 14 08:30:02 MDT 2022
# Start of session at: Sun Apr 23 11:19:31 2023
# Process ID: 21440
# Current directory: C:/Users/kbhar/OneDrive/Desktop/versions/final_1
# Command line: vivado.exe -gui_launcher_event rodinguilauncherevent4172 C:\Users\kbhar\OneDrive\Desktop\versions\final_1\final_1.xpr
# Log file: C:/Users/kbhar/OneDrive/Desktop/versions/final_1/vivado.log
# Journal file: C:/Users/kbhar/OneDrive/Desktop/versions/final_1\vivado.jou
# Running On: KANAKADANDI_BHARADWAAJA, OS: Windows, CPU Frequency: 2400 MHz, CPU Physical cores: 4, Host memory: 8423 MB
#-----------------------------------------------------------
start_gui
open_project C:/Users/kbhar/OneDrive/Desktop/versions/final_1/final_1.xpr
WARNING: [Board 49-26] cannot add Board Part digilentinc.com:genesys2:part0:1.1 available at C:/Xilinx/Vivado/2022.2/data/xhub/boards/XilinxBoardStore/boards/Xilinx/genesys2/H/board.xml as part xc7k325tffg900-2 specified in board_part file is either invalid or not available
WARNING: [Board 49-26] cannot add Board Part digilentinc.com:sword:part0:1.0 available at C:/Xilinx/Vivado/2022.2/data/xhub/boards/XilinxBoardStore/boards/Xilinx/sword/C.0/board.xml as part xc7k325tffg900-2 specified in board_part file is either invalid or not available
WARNING: [Board 49-26] cannot add Board Part xilinx.com:kc705:part0:1.6 available at C:/Xilinx/Vivado/2022.2/data/xhub/boards/XilinxBoardStore/boards/Xilinx/kc705/1.6/board.xml as part xc7k325tffg900-2 specified in board_part file is either invalid or not available
WARNING: [Board 49-26] cannot add Board Part xilinx.com:kcu105:part0:1.6 available at C:/Xilinx/Vivado/2022.2/data/xhub/boards/XilinxBoardStore/boards/Xilinx/kcu105/1.6/board.xml as part xcku040-ffva1156-2-e specified in board_part file is either invalid or not available
WARNING: [Board 49-26] cannot add Board Part xilinx.com:kcu105:part0:1.7 available at C:/Xilinx/Vivado/2022.2/data/xhub/boards/XilinxBoardStore/boards/Xilinx/kcu105/1.7/board.xml as part xcku040-ffva1156-2-e specified in board_part file is either invalid or not available
WARNING: [Board 49-26] cannot add Board Part xilinx.com:kcu1500:part0:1.2 available at C:/Xilinx/Vivado/2022.2/data/xhub/boards/XilinxBoardStore/boards/Xilinx/kcu1500/1.2/board.xml as part xcku115-flvb2104-2-e specified in board_part file is either invalid or not available
WARNING: [Board 49-26] cannot add Board Part xilinx.com:vc707:part0:1.4 available at C:/Xilinx/Vivado/2022.2/data/xhub/boards/XilinxBoardStore/boards/Xilinx/vc707/1.4/board.xml as part xc7vx485tffg1761-2 specified in board_part file is either invalid or not available
WARNING: [Board 49-26] cannot add Board Part xilinx.com:vc709:part0:1.8 available at C:/Xilinx/Vivado/2022.2/data/xhub/boards/XilinxBoardStore/boards/Xilinx/vc709/1.8/board.xml as part xc7vx690tffg1761-2 specified in board_part file is either invalid or not available
WARNING: [Board 49-26] cannot add Board Part xilinx.com:vck190:part0:2.2 available at C:/Xilinx/Vivado/2022.2/data/xhub/boards/XilinxBoardStore/boards/Xilinx/vck190/production/2.2/board.xml as part xcvc1902-vsva2197-2mp-e-s specified in board_part file is either invalid or not available
WARNING: [Board 49-26] cannot add Board Part xilinx.com:vck190:part0:3.0 available at C:/Xilinx/Vivado/2022.2/data/xhub/boards/XilinxBoardStore/boards/Xilinx/vck190/production/3.0/board.xml as part xcvc1902-vsva2197-2mp-e-s specified in board_part file is either invalid or not available
WARNING: [Board 49-26] cannot add Board Part xilinx.com:vck190:part0:3.1 available at C:/Xilinx/Vivado/2022.2/data/xhub/boards/XilinxBoardStore/boards/Xilinx/vck190/production/3.1/board.xml as part xcvc1902-vsva2197-2mp-e-s specified in board_part file is either invalid or not available
WARNING: [Board 49-26] cannot add Board Part xilinx.com:vck190_newl:part0:1.0 available at C:/Xilinx/Vivado/2022.2/data/xhub/boards/XilinxBoardStore/boards/Xilinx/vck190_newl/production/1.0/board.xml as part xcvc1902-vsva2197-2mp-e-s specified in board_part file is either invalid or not available
WARNING: [Board 49-26] cannot add Board Part xilinx.com:vcu108:part0:1.6 available at C:/Xilinx/Vivado/2022.2/data/xhub/boards/XilinxBoardStore/boards/Xilinx/vcu108/1.6/board.xml as part xcvu095-ffva2104-2-e specified in board_part file is either invalid or not available
WARNING: [Board 49-26] cannot add Board Part xilinx.com:vcu108:part0:1.7 available at C:/Xilinx/Vivado/2022.2/data/xhub/boards/XilinxBoardStore/boards/Xilinx/vcu108/1.7/board.xml as part xcvu095-ffva2104-2-e specified in board_part file is either invalid or not available
WARNING: [Board 49-26] cannot add Board Part xilinx.com:vcu110:part0:1.4 available at C:/Xilinx/Vivado/2022.2/data/xhub/boards/XilinxBoardStore/boards/Xilinx/vcu110/1.4/board.xml as part xcvu190-flgc2104-2-e specified in board_part file is either invalid or not available
WARNING: [Board 49-26] cannot add Board Part xilinx.com:vcu118:part0:2.0 available at C:/Xilinx/Vivado/2022.2/data/xhub/boards/XilinxBoardStore/boards/Xilinx/vcu118/2.0/board.xml as part xcvu9p-flga2104-2l-e specified in board_part file is either invalid or not available
WARNING: [Board 49-26] cannot add Board Part xilinx.com:vcu118:part0:2.3 available at C:/Xilinx/Vivado/2022.2/data/xhub/boards/XilinxBoardStore/boards/Xilinx/vcu118/2.3/board.xml as part xcvu9p-flga2104-2l-e specified in board_part file is either invalid or not available
WARNING: [Board 49-26] cannot add Board Part xilinx.com:vcu118:part0:2.4 available at C:/Xilinx/Vivado/2022.2/data/xhub/boards/XilinxBoardStore/boards/Xilinx/vcu118/2.4/board.xml as part xcvu9p-flga2104-2l-e specified in board_part file is either invalid or not available
WARNING: [Board 49-26] cannot add Board Part xilinx.com:vcu128:part0:1.0 available at C:/Xilinx/Vivado/2022.2/data/xhub/boards/XilinxBoardStore/boards/Xilinx/vcu128/production/1.0/board.xml as part xcvu37p-fsvh2892-2l-e specified in board_part file is either invalid or not available
WARNING: [Board 49-26] cannot add Board Part xilinx.com:vcu129:part0:1.0 available at C:/Xilinx/Vivado/2022.2/data/xhub/boards/XilinxBoardStore/boards/Xilinx/vcu129/production/1.0/board.xml as part xcvu29p-fsga2577-2l-e specified in board_part file is either invalid or not available
WARNING: [Board 49-26] cannot add Board Part xilinx.com:vcu1525:part0:1.3 available at C:/Xilinx/Vivado/2022.2/data/xhub/boards/XilinxBoardStore/boards/Xilinx/vcu1525/1.3/board.xml as part xcvu9p-fsgd2104-2l-e specified in board_part file is either invalid or not available
WARNING: [Board 49-26] cannot add Board Part xilinx.com:vek280_es:part0:1.0 available at C:/Xilinx/Vivado/2022.2/data/xhub/boards/XilinxBoardStore/boards/Xilinx/vek280/es/1.0/board.xml as part xcve2802-vsvh1760-2lp-e-s-es1 specified in board_part file is either invalid or not available
WARNING: [Board 49-26] cannot add Board Part xilinx.com:vermeo_t1_mpsoc:part0:1.0 available at C:/Xilinx/Vivado/2022.2/data/xhub/boards/XilinxBoardStore/boards/Xilinx/vermeo_t1_mpsoc/1.0/board.xml as part xczu19eg-ffvd1760-2l-e specified in board_part file is either invalid or not available
WARNING: [Board 49-26] cannot add Board Part xilinx.com:vermeo_t1_rfsoc:part0:1.0 available at C:/Xilinx/Vivado/2022.2/data/xhub/boards/XilinxBoardStore/boards/Xilinx/vermeo_t1_rfsoc/1.0/board.xml as part xczu21dr-ffvd1156-2l-e specified in board_part file is either invalid or not available
WARNING: [Board 49-26] cannot add Board Part xilinx.com:vhk158_es:part0:1.0 available at C:/Xilinx/Vivado/2022.2/data/xhub/boards/XilinxBoardStore/boards/Xilinx/vhk158/es/1.0/board.xml as part xcvh1582-vsva3697-2mp-e-s-es1 specified in board_part file is either invalid or not available
WARNING: [Board 49-26] cannot add Board Part xilinx.com:vmk180:part0:2.2 available at C:/Xilinx/Vivado/2022.2/data/xhub/boards/XilinxBoardStore/boards/Xilinx/vmk180/production/2.2/board.xml as part xcvm1802-vsva2197-2mp-e-s specified in board_part file is either invalid or not available
WARNING: [Board 49-26] cannot add Board Part xilinx.com:vmk180:part0:3.0 available at C:/Xilinx/Vivado/2022.2/data/xhub/boards/XilinxBoardStore/boards/Xilinx/vmk180/production/3.0/board.xml as part xcvm1802-vsva2197-2mp-e-s specified in board_part file is either invalid or not available
WARNING: [Board 49-26] cannot add Board Part xilinx.com:vmk180:part0:3.1 available at C:/Xilinx/Vivado/2022.2/data/xhub/boards/XilinxBoardStore/boards/Xilinx/vmk180/production/3.1/board.xml as part xcvm1802-vsva2197-2mp-e-s specified in board_part file is either invalid or not available
WARNING: [Board 49-26] cannot add Board Part xilinx.com:vmk180_newl:part0:1.0 available at C:/Xilinx/Vivado/2022.2/data/xhub/boards/XilinxBoardStore/boards/Xilinx/vmk180_newl/production/1.0/board.xml as part xcvm1802-vsva2197-2mp-e-s specified in board_part file is either invalid or not available
WARNING: [Board 49-26] cannot add Board Part xilinx.com:vpk120:part0:1.0 available at C:/Xilinx/Vivado/2022.2/data/xhub/boards/XilinxBoardStore/boards/Xilinx/vpk120/production/1.0/board.xml as part xcvp1202-vsva2785-2mp-e-s specified in board_part file is either invalid or not available
WARNING: [Board 49-26] cannot add Board Part xilinx.com:vpk120_es:part0:1.2 available at C:/Xilinx/Vivado/2022.2/data/xhub/boards/XilinxBoardStore/boards/Xilinx/vpk120/es/1.2/board.xml as part xcvp1202-vsva2785-2mp-e-s-es1 specified in board_part file is either invalid or not available
WARNING: [Board 49-26] cannot add Board Part xilinx.com:vpk120_es_revb:part0:1.0 available at C:/Xilinx/Vivado/2022.2/data/xhub/boards/XilinxBoardStore/boards/Xilinx/vpk120_revb/es/1.0/board.xml as part xcvp1202-vsva2785-2mp-e-s-es1 specified in board_part file is either invalid or not available
WARNING: [Board 49-26] cannot add Board Part xilinx.com:vpk180_es:part0:1.0 available at C:/Xilinx/Vivado/2022.2/data/xhub/boards/XilinxBoardStore/boards/Xilinx/vpk180/es/1.0/board.xml as part xcvp1802-lsvc4072-2mp-e-s-es1 specified in board_part file is either invalid or not available
WARNING: [Board 49-26] cannot add Board Part xilinx.com:zc706:part0:1.4 available at C:/Xilinx/Vivado/2022.2/data/xhub/boards/XilinxBoardStore/boards/Xilinx/zc706/1.4/board.xml as part xc7z045ffg900-2 specified in board_part file is either invalid or not available
WARNING: [Board 49-26] cannot add Board Part xilinx.com:zcu102:part0:3.3 available at C:/Xilinx/Vivado/2022.2/data/xhub/boards/XilinxBoardStore/boards/Xilinx/zcu102/3.3/board.xml as part xczu9eg-ffvb1156-2-e specified in board_part file is either invalid or not available
WARNING: [Board 49-26] cannot add Board Part xilinx.com:zcu102:part0:3.4 available at C:/Xilinx/Vivado/2022.2/data/xhub/boards/XilinxBoardStore/boards/Xilinx/zcu102/3.4/board.xml as part xczu9eg-ffvb1156-2-e specified in board_part file is either invalid or not available
WARNING: [Board 49-26] cannot add Board Part xilinx.com:zcu111:part0:1.2 available at C:/Xilinx/Vivado/2022.2/data/xhub/boards/XilinxBoardStore/boards/Xilinx/zcu111/1.2/board.xml as part xczu28dr-ffvg1517-2-e specified in board_part file is either invalid or not available
WARNING: [Board 49-26] cannot add Board Part xilinx.com:zcu111:part0:1.3 available at C:/Xilinx/Vivado/2022.2/data/xhub/boards/XilinxBoardStore/boards/Xilinx/zcu111/1.3/board.xml as part xczu28dr-ffvg1517-2-e specified in board_part file is either invalid or not available
WARNING: [Board 49-26] cannot add Board Part xilinx.com:zcu111:part0:1.4 available at C:/Xilinx/Vivado/2022.2/data/xhub/boards/XilinxBoardStore/boards/Xilinx/zcu111/1.4/board.xml as part xczu28dr-ffvg1517-2-e specified in board_part file is either invalid or not available
WARNING: [Board 49-26] cannot add Board Part xilinx.com:zcu1275:part0:1.0 available at C:/Xilinx/Vivado/2022.2/data/xhub/boards/XilinxBoardStore/boards/Xilinx/zcu1275/1.0/board.xml as part xczu29dr-ffvf1760-2-e specified in board_part file is either invalid or not available
WARNING: [Board 49-26] cannot add Board Part xilinx.com:zcu1285:part0:1.0 available at C:/Xilinx/Vivado/2022.2/data/xhub/boards/XilinxBoardStore/boards/Xilinx/zcu1285/1.0/board.xml as part xczu39dr-ffvf1760-2-i specified in board_part file is either invalid or not available
WARNING: [Board 49-26] cannot add Board Part xilinx.com:zcu208:part0:2.0 available at C:/Xilinx/Vivado/2022.2/data/xhub/boards/XilinxBoardStore/boards/Xilinx/zcu208/production/2.0/board.xml as part xczu48dr-fsvg1517-2-e specified in board_part file is either invalid or not available
WARNING: [Board 49-26] cannot add Board Part xilinx.com:zcu208ld:part0:2.0 available at C:/Xilinx/Vivado/2022.2/data/xhub/boards/XilinxBoardStore/boards/Xilinx/zcu208ld/production/2.0/board.xml as part xczu58dr-fsvg1517-2-i specified in board_part file is either invalid or not available
WARNING: [Board 49-26] cannot add Board Part xilinx.com:zcu216:part0:2.0 available at C:/Xilinx/Vivado/2022.2/data/xhub/boards/XilinxBoardStore/boards/Xilinx/zcu216/production/2.0/board.xml as part xczu49dr-ffvf1760-2-e specified in board_part file is either invalid or not available
WARNING: [Board 49-26] cannot add Board Part xilinx.com:zcu216ld:part0:2.0 available at C:/Xilinx/Vivado/2022.2/data/xhub/boards/XilinxBoardStore/boards/Xilinx/zcu216ld/production/2.0/board.xml as part xczu59dr-ffvf1760-2-i specified in board_part file is either invalid or not available
WARNING: [Board 49-26] cannot add Board Part xilinx.com:zcu670:part0:2.0 available at C:/Xilinx/Vivado/2022.2/data/xhub/boards/XilinxBoardStore/boards/Xilinx/zcu670/2.0/board.xml as part xczu67dr-fsve1156-2-i specified in board_part file is either invalid or not available
WARNING: [Board 49-26] cannot add Board Part xilinx.com:zcu670ld:part0:1.0 available at C:/Xilinx/Vivado/2022.2/data/xhub/boards/XilinxBoardStore/boards/Xilinx/zcu670ld/1.0/board.xml as part xczu57dr-fsve1156-2-i specified in board_part file is either invalid or not available
Scanning sources...
Finished scanning sources
INFO: [IP_Flow 19-234] Refreshing IP repositories
INFO: [IP_Flow 19-1704] No user IP repositories specified
INFO: [IP_Flow 19-2313] Loaded Vivado IP repository 'C:/Xilinx/Vivado/2022.2/data/ip'.
open_project: Time (s): cpu = 00:00:21 ; elapsed = 00:00:13 . Memory (MB): peak = 1211.066 ; gain = 418.695
update_compile_order -fileset sources_1
synth_design -rtl -rtl_skip_mlo -name rtl_1
Command: synth_design -rtl -rtl_skip_mlo -name rtl_1
Starting synth_design
Using part: xc7a100tcsg324-1
Top: integ
INFO: [Device 21-403] Loading part xc7a100tcsg324-1
INFO: [Synth 8-11241] undeclared symbol 'REGCCE', assumed default net type 'wire' [C:/Xilinx/Vivado/2022.2/data/verilog/src/unimacro/BRAM_SINGLE_MACRO.v:2170]
INFO: [Synth 8-11241] undeclared symbol 'sck', assumed default net type 'wire' [C:/Users/kbhar/OneDrive/Desktop/versions/final_1/final_1.srcs/sources_1/new/integ.v:22]
---------------------------------------------------------------------------------
Starting RTL Elaboration : Time (s): cpu = 00:00:08 ; elapsed = 00:00:12 . Memory (MB): peak = 1964.277 ; gain = 388.324
---------------------------------------------------------------------------------
INFO: [Synth 8-6157] synthesizing module 'integ' [C:/Users/kbhar/OneDrive/Desktop/versions/final_1/final_1.srcs/sources_1/new/integ.v:3]
INFO: [Synth 8-6157] synthesizing module 'clk_40M' [C:/Users/kbhar/OneDrive/Desktop/versions/final_1/.Xil/Vivado-21440-KANAKADANDI_BHARADWAAJA/realtime/clk_40M_stub.v:5]
INFO: [Synth 8-6155] done synthesizing module 'clk_40M' (0#1) [C:/Users/kbhar/OneDrive/Desktop/versions/final_1/.Xil/Vivado-21440-KANAKADANDI_BHARADWAAJA/realtime/clk_40M_stub.v:5]
INFO: [Synth 8-6157] synthesizing module 'scoreck' [C:/Users/kbhar/OneDrive/Desktop/versions/final_1/final_1.srcs/sources_1/new/scoreck.v:3]
INFO: [Synth 8-6155] done synthesizing module 'scoreck' (0#1) [C:/Users/kbhar/OneDrive/Desktop/versions/final_1/final_1.srcs/sources_1/new/scoreck.v:3]
INFO: [Synth 8-6157] synthesizing module 'disp_sync' [C:/Users/kbhar/OneDrive/Desktop/versions/final_1/final_1.srcs/sources_1/new/disp_sync.v:3]
INFO: [Synth 8-6155] done synthesizing module 'disp_sync' (0#1) [C:/Users/kbhar/OneDrive/Desktop/versions/final_1/final_1.srcs/sources_1/new/disp_sync.v:3]
INFO: [Synth 8-6157] synthesizing module 'joystick_ADC' [C:/Users/kbhar/OneDrive/Desktop/versions/final_1/final_1.srcs/sources_1/new/joystick_ADC.v:23]
INFO: [Synth 8-6157] synthesizing module 'xadc_wiz_0' [C:/Users/kbhar/OneDrive/Desktop/versions/final_1/.Xil/Vivado-21440-KANAKADANDI_BHARADWAAJA/realtime/xadc_wiz_0_stub.v:5]
INFO: [Synth 8-6155] done synthesizing module 'xadc_wiz_0' (0#1) [C:/Users/kbhar/OneDrive/Desktop/versions/final_1/.Xil/Vivado-21440-KANAKADANDI_BHARADWAAJA/realtime/xadc_wiz_0_stub.v:5]
INFO: [Synth 8-6155] done synthesizing module 'joystick_ADC' (0#1) [C:/Users/kbhar/OneDrive/Desktop/versions/final_1/final_1.srcs/sources_1/new/joystick_ADC.v:23]
INFO: [Synth 8-6157] synthesizing module 'rng_1' [C:/Users/kbhar/OneDrive/Desktop/versions/final_1/final_1.srcs/sources_1/new/rng_1.v:3]
INFO: [Synth 8-6155] done synthesizing module 'rng_1' (0#1) [C:/Users/kbhar/OneDrive/Desktop/versions/final_1/final_1.srcs/sources_1/new/rng_1.v:3]
INFO: [Synth 8-6157] synthesizing module 'rng_5' [C:/Users/kbhar/OneDrive/Desktop/versions/final_1/final_1.srcs/sources_1/new/rng_5.v:3]
INFO: [Synth 8-6155] done synthesizing module 'rng_5' (0#1) [C:/Users/kbhar/OneDrive/Desktop/versions/final_1/final_1.srcs/sources_1/new/rng_5.v:3]
INFO: [Synth 8-6157] synthesizing module 'rng_16' [C:/Users/kbhar/OneDrive/Desktop/versions/final_1/final_1.srcs/sources_1/new/rng_16.v:3]
INFO: [Synth 8-6155] done synthesizing module 'rng_16' (0#1) [C:/Users/kbhar/OneDrive/Desktop/versions/final_1/final_1.srcs/sources_1/new/rng_16.v:3]
INFO: [Synth 8-6157] synthesizing module 'rng_20' [C:/Users/kbhar/OneDrive/Desktop/versions/final_1/final_1.srcs/sources_1/new/rng_20.v:3]
INFO: [Synth 8-6155] done synthesizing module 'rng_20' (0#1) [C:/Users/kbhar/OneDrive/Desktop/versions/final_1/final_1.srcs/sources_1/new/rng_20.v:3]
INFO: [Synth 8-6157] synthesizing module 'rng_25' [C:/Users/kbhar/OneDrive/Desktop/versions/final_1/final_1.srcs/sources_1/new/rng_25.v:3]
INFO: [Synth 8-6155] done synthesizing module 'rng_25' (0#1) [C:/Users/kbhar/OneDrive/Desktop/versions/final_1/final_1.srcs/sources_1/new/rng_25.v:3]
INFO: [Synth 8-6157] synthesizing module 'rng_28' [C:/Users/kbhar/OneDrive/Desktop/versions/final_1/final_1.srcs/sources_1/new/rng_28.v:3]
INFO: [Synth 8-6155] done synthesizing module 'rng_28' (0#1) [C:/Users/kbhar/OneDrive/Desktop/versions/final_1/final_1.srcs/sources_1/new/rng_28.v:3]
INFO: [Synth 8-6157] synthesizing module 'coord' [C:/Users/kbhar/OneDrive/Desktop/versions/final_1/final_1.srcs/sources_1/new/coord.v:3]
INFO: [Synth 8-6155] done synthesizing module 'coord' (0#1) [C:/Users/kbhar/OneDrive/Desktop/versions/final_1/final_1.srcs/sources_1/new/coord.v:3]
INFO: [Synth 8-6157] synthesizing module 'cursor_update' [C:/Users/kbhar/OneDrive/Desktop/versions/final_1/final_1.srcs/sources_1/new/cursor_update.v:3]
INFO: [Synth 8-6155] done synthesizing module 'cursor_update' (0#1) [C:/Users/kbhar/OneDrive/Desktop/versions/final_1/final_1.srcs/sources_1/new/cursor_update.v:3]
INFO: [Synth 8-6157] synthesizing module 'bold_cur' [C:/Users/kbhar/OneDrive/Desktop/versions/final_1/final_1.srcs/sources_1/new/bold_cur.v:3]
INFO: [Synth 8-6157] synthesizing module 'cursor_check' [C:/Users/kbhar/OneDrive/Desktop/versions/final_1/final_1.srcs/sources_1/new/cursor_check.v:3]
INFO: [Synth 8-6155] done synthesizing module 'cursor_check' (0#1) [C:/Users/kbhar/OneDrive/Desktop/versions/final_1/final_1.srcs/sources_1/new/cursor_check.v:3]
INFO: [Synth 8-6155] done synthesizing module 'bold_cur' (0#1) [C:/Users/kbhar/OneDrive/Desktop/versions/final_1/final_1.srcs/sources_1/new/bold_cur.v:3]
INFO: [Synth 8-6157] synthesizing module 'curs_in_frt' [C:/Users/kbhar/OneDrive/Desktop/versions/final_1/final_1.srcs/sources_1/new/cur_in_frt.v:3]
INFO: [Synth 8-6155] done synthesizing module 'curs_in_frt' (0#1) [C:/Users/kbhar/OneDrive/Desktop/versions/final_1/final_1.srcs/sources_1/new/cur_in_frt.v:3]
INFO: [Synth 8-6157] synthesizing module 'control' [C:/Users/kbhar/OneDrive/Desktop/versions/final_1/final_1.srcs/sources_1/new/control.v:3]
INFO: [Synth 8-6155] done synthesizing module 'control' (0#1) [C:/Users/kbhar/OneDrive/Desktop/versions/final_1/final_1.srcs/sources_1/new/control.v:3]
INFO: [Synth 8-6157] synthesizing module 'fruit_check' [C:/Users/kbhar/OneDrive/Desktop/versions/final_1/final_1.srcs/sources_1/new/fruit_check.v:1]
INFO: [Synth 8-6155] done synthesizing module 'fruit_check' (0#1) [C:/Users/kbhar/OneDrive/Desktop/versions/final_1/final_1.srcs/sources_1/new/fruit_check.v:1]
INFO: [Synth 8-6157] synthesizing module 'score_display' [C:/Users/kbhar/OneDrive/Desktop/versions/final_1/final_1.srcs/sources_1/new/score_display.v:23]
INFO: [Synth 8-6157] synthesizing module 'num_disp' [C:/Users/kbhar/OneDrive/Desktop/versions/final_1/final_1.srcs/sources_1/new/num_disp.v:3]
INFO: [Synth 8-6155] done synthesizing module 'num_disp' (0#1) [C:/Users/kbhar/OneDrive/Desktop/versions/final_1/final_1.srcs/sources_1/new/num_disp.v:3]
INFO: [Synth 8-6157] synthesizing module 'Ss' [C:/Users/kbhar/OneDrive/Desktop/versions/final_1/final_1.srcs/sources_1/new/alphabets_small/Ss.v:1]
INFO: [Synth 8-6155] done synthesizing module 'Ss' (0#1) [C:/Users/kbhar/OneDrive/Desktop/versions/final_1/final_1.srcs/sources_1/new/alphabets_small/Ss.v:1]
INFO: [Synth 8-6157] synthesizing module 'Cs' [C:/Users/kbhar/OneDrive/Desktop/versions/final_1/final_1.srcs/sources_1/new/alphabets_small/Cs.v:1]
INFO: [Synth 8-6155] done synthesizing module 'Cs' (0#1) [C:/Users/kbhar/OneDrive/Desktop/versions/final_1/final_1.srcs/sources_1/new/alphabets_small/Cs.v:1]
INFO: [Synth 8-6157] synthesizing module 'Os' [C:/Users/kbhar/OneDrive/Desktop/versions/final_1/final_1.srcs/sources_1/new/alphabets_small/Os.v:3]
INFO: [Synth 8-6155] done synthesizing module 'Os' (0#1) [C:/Users/kbhar/OneDrive/Desktop/versions/final_1/final_1.srcs/sources_1/new/alphabets_small/Os.v:3]
INFO: [Synth 8-6157] synthesizing module 'Rs' [C:/Users/kbhar/OneDrive/Desktop/versions/final_1/final_1.srcs/sources_1/new/alphabets_small/Rs.v:3]
INFO: [Synth 8-6155] done synthesizing module 'Rs' (0#1) [C:/Users/kbhar/OneDrive/Desktop/versions/final_1/final_1.srcs/sources_1/new/alphabets_small/Rs.v:3]
INFO: [Synth 8-6157] synthesizing module 'Es' [C:/Users/kbhar/OneDrive/Desktop/versions/final_1/final_1.srcs/sources_1/new/alphabets_small/Es.v:3]
INFO: [Synth 8-6155] done synthesizing module 'Es' (0#1) [C:/Users/kbhar/OneDrive/Desktop/versions/final_1/final_1.srcs/sources_1/new/alphabets_small/Es.v:3]
INFO: [Synth 8-6157] synthesizing module 'colon' [C:/Users/kbhar/OneDrive/Desktop/versions/final_1/final_1.srcs/sources_1/new/colon.v:3]
INFO: [Synth 8-6155] done synthesizing module 'colon' (0#1) [C:/Users/kbhar/OneDrive/Desktop/versions/final_1/final_1.srcs/sources_1/new/colon.v:3]
INFO: [Synth 8-6155] done synthesizing module 'score_display' (0#1) [C:/Users/kbhar/OneDrive/Desktop/versions/final_1/final_1.srcs/sources_1/new/score_display.v:23]
INFO: [Synth 8-6157] synthesizing module 'misses' [C:/Users/kbhar/OneDrive/Desktop/versions/final_1/final_1.srcs/sources_1/new/misses.v:23]
INFO: [Synth 8-6157] synthesizing module 'Ms' [C:/Users/kbhar/OneDrive/Desktop/versions/final_1/final_1.srcs/sources_1/new/alphabets_small/Ms.v:3]
INFO: [Synth 8-6155] done synthesizing module 'Ms' (0#1) [C:/Users/kbhar/OneDrive/Desktop/versions/final_1/final_1.srcs/sources_1/new/alphabets_small/Ms.v:3]
INFO: [Synth 8-6157] synthesizing module 'Is' [C:/Users/kbhar/OneDrive/Desktop/versions/final_1/final_1.srcs/sources_1/new/alphabets_small/Is.v:3]
INFO: [Synth 8-6155] done synthesizing module 'Is' (0#1) [C:/Users/kbhar/OneDrive/Desktop/versions/final_1/final_1.srcs/sources_1/new/alphabets_small/Is.v:3]
INFO: [Synth 8-6155] done synthesizing module 'misses' (0#1) [C:/Users/kbhar/OneDrive/Desktop/versions/final_1/final_1.srcs/sources_1/new/misses.v:23]
INFO: [Synth 8-6157] synthesizing module 'diggen' [C:/Users/kbhar/OneDrive/Desktop/versions/final_1/final_1.srcs/sources_1/new/diggen.v:3]
INFO: [Synth 8-155] case statement is not full and has no default [C:/Users/kbhar/OneDrive/Desktop/versions/final_1/final_1.srcs/sources_1/new/diggen.v:32]
INFO: [Synth 8-6155] done synthesizing module 'diggen' (0#1) [C:/Users/kbhar/OneDrive/Desktop/versions/final_1/final_1.srcs/sources_1/new/diggen.v:3]
INFO: [Synth 8-6157] synthesizing module 'game_over' [C:/Users/kbhar/OneDrive/Desktop/versions/final_1/final_1.srcs/sources_1/new/game_over.v:1]
INFO: [Synth 8-6157] synthesizing module 'G' [C:/Users/kbhar/OneDrive/Desktop/versions/final_1/final_1.srcs/sources_1/new/G.v:3]
INFO: [Synth 8-6155] done synthesizing module 'G' (0#1) [C:/Users/kbhar/OneDrive/Desktop/versions/final_1/final_1.srcs/sources_1/new/G.v:3]
INFO: [Synth 8-6157] synthesizing module 'A' [C:/Users/kbhar/OneDrive/Desktop/versions/final_1/final_1.srcs/sources_1/new/A.v:3]
INFO: [Synth 8-6155] done synthesizing module 'A' (0#1) [C:/Users/kbhar/OneDrive/Desktop/versions/final_1/final_1.srcs/sources_1/new/A.v:3]
INFO: [Synth 8-6157] synthesizing module 'M' [C:/Users/kbhar/OneDrive/Desktop/versions/final_1/final_1.srcs/sources_1/new/M.v:3]
INFO: [Synth 8-6155] done synthesizing module 'M' (0#1) [C:/Users/kbhar/OneDrive/Desktop/versions/final_1/final_1.srcs/sources_1/new/M.v:3]
INFO: [Synth 8-6157] synthesizing module 'E' [C:/Users/kbhar/OneDrive/Desktop/versions/final_1/final_1.srcs/sources_1/new/E.v:3]
INFO: [Synth 8-6155] done synthesizing module 'E' (0#1) [C:/Users/kbhar/OneDrive/Desktop/versions/final_1/final_1.srcs/sources_1/new/E.v:3]
INFO: [Synth 8-6157] synthesizing module 'O' [C:/Users/kbhar/OneDrive/Desktop/versions/final_1/final_1.srcs/sources_1/new/O.v:3]
INFO: [Synth 8-6155] done synthesizing module 'O' (0#1) [C:/Users/kbhar/OneDrive/Desktop/versions/final_1/final_1.srcs/sources_1/new/O.v:3]
INFO: [Synth 8-6157] synthesizing module 'V' [C:/Users/kbhar/OneDrive/Desktop/versions/final_1/final_1.srcs/sources_1/new/V.v:3]
INFO: [Synth 8-6155] done synthesizing module 'V' (0#1) [C:/Users/kbhar/OneDrive/Desktop/versions/final_1/final_1.srcs/sources_1/new/V.v:3]
INFO: [Synth 8-6157] synthesizing module 'R' [C:/Users/kbhar/OneDrive/Desktop/versions/final_1/final_1.srcs/sources_1/new/R.v:3]
INFO: [Synth 8-6155] done synthesizing module 'R' (0#1) [C:/Users/kbhar/OneDrive/Desktop/versions/final_1/final_1.srcs/sources_1/new/R.v:3]
INFO: [Synth 8-6155] done synthesizing module 'game_over' (0#1) [C:/Users/kbhar/OneDrive/Desktop/versions/final_1/final_1.srcs/sources_1/new/game_over.v:1]
INFO: [Synth 8-6157] synthesizing module 'congrats' [C:/Users/kbhar/OneDrive/Desktop/versions/final_1/final_1.srcs/sources_1/new/congrats.v:3]
INFO: [Synth 8-6157] synthesizing module 'C' [C:/Users/kbhar/OneDrive/Desktop/versions/final_1/final_1.srcs/sources_1/new/C.v:3]
INFO: [Synth 8-6155] done synthesizing module 'C' (0#1) [C:/Users/kbhar/OneDrive/Desktop/versions/final_1/final_1.srcs/sources_1/new/C.v:3]
INFO: [Synth 8-6157] synthesizing module 'N' [C:/Users/kbhar/OneDrive/Desktop/versions/final_1/final_1.srcs/sources_1/new/N.v:3]
INFO: [Synth 8-6155] done synthesizing module 'N' (0#1) [C:/Users/kbhar/OneDrive/Desktop/versions/final_1/final_1.srcs/sources_1/new/N.v:3]
INFO: [Synth 8-6157] synthesizing module 'T' [C:/Users/kbhar/OneDrive/Desktop/versions/final_1/final_1.srcs/sources_1/new/T.v:3]
INFO: [Synth 8-6155] done synthesizing module 'T' (0#1) [C:/Users/kbhar/OneDrive/Desktop/versions/final_1/final_1.srcs/sources_1/new/T.v:3]
INFO: [Synth 8-6157] synthesizing module 'S' [C:/Users/kbhar/OneDrive/Desktop/versions/final_1/final_1.srcs/sources_1/new/S.v:3]
INFO: [Synth 8-6155] done synthesizing module 'S' (0#1) [C:/Users/kbhar/OneDrive/Desktop/versions/final_1/final_1.srcs/sources_1/new/S.v:3]
INFO: [Synth 8-6155] done synthesizing module 'congrats' (0#1) [C:/Users/kbhar/OneDrive/Desktop/versions/final_1/final_1.srcs/sources_1/new/congrats.v:3]
INFO: [Synth 8-6157] synthesizing module 'color_display' [C:/Users/kbhar/OneDrive/Desktop/versions/final_1/final_1.srcs/sources_1/new/color_display.v:1]
INFO: [Synth 8-6155] done synthesizing module 'color_display' (0#1) [C:/Users/kbhar/OneDrive/Desktop/versions/final_1/final_1.srcs/sources_1/new/color_display.v:1]
INFO: [Synth 8-6155] done synthesizing module 'integ' (0#1) [C:/Users/kbhar/OneDrive/Desktop/versions/final_1/final_1.srcs/sources_1/new/integ.v:3]
WARNING: [Synth 8-6014] Unused sequential element yt2_reg was removed.  [C:/Users/kbhar/OneDrive/Desktop/versions/final_1/final_1.srcs/sources_1/new/coord.v:25]
WARNING: [Synth 8-6014] Unused sequential element yt1_reg was removed.  [C:/Users/kbhar/OneDrive/Desktop/versions/final_1/final_1.srcs/sources_1/new/coord.v:25]
WARNING: [Synth 8-6014] Unused sequential element xt_reg was removed.  [C:/Users/kbhar/OneDrive/Desktop/versions/final_1/final_1.srcs/sources_1/new/coord.v:25]
WARNING: [Synth 8-6014] Unused sequential element int_x_reg was removed.  [C:/Users/kbhar/OneDrive/Desktop/versions/final_1/final_1.srcs/sources_1/new/cur_in_frt.v:23]
WARNING: [Synth 8-6014] Unused sequential element int_y_reg was removed.  [C:/Users/kbhar/OneDrive/Desktop/versions/final_1/final_1.srcs/sources_1/new/cur_in_frt.v:24]
WARNING: [Synth 8-6014] Unused sequential element xt_reg was removed.  [C:/Users/kbhar/OneDrive/Desktop/versions/final_1/final_1.srcs/sources_1/new/cur_in_frt.v:25]
WARNING: [Synth 8-6014] Unused sequential element yt_reg was removed.  [C:/Users/kbhar/OneDrive/Desktop/versions/final_1/final_1.srcs/sources_1/new/cur_in_frt.v:26]
WARNING: [Synth 8-6014] Unused sequential element int_x_reg was removed.  [C:/Users/kbhar/OneDrive/Desktop/versions/final_1/final_1.srcs/sources_1/new/fruit_check.v:23]
WARNING: [Synth 8-6014] Unused sequential element int_y_reg was removed.  [C:/Users/kbhar/OneDrive/Desktop/versions/final_1/final_1.srcs/sources_1/new/fruit_check.v:24]
WARNING: [Synth 8-6014] Unused sequential element xt_reg was removed.  [C:/Users/kbhar/OneDrive/Desktop/versions/final_1/final_1.srcs/sources_1/new/fruit_check.v:25]
WARNING: [Synth 8-6014] Unused sequential element yt_reg was removed.  [C:/Users/kbhar/OneDrive/Desktop/versions/final_1/final_1.srcs/sources_1/new/fruit_check.v:26]
WARNING: [Synth 8-6014] Unused sequential element fruit_color_reg was removed.  [C:/Users/kbhar/OneDrive/Desktop/versions/final_1/final_1.srcs/sources_1/new/fruit_check.v:32]
WARNING: [Synth 8-6014] Unused sequential element ch_reg was removed.  [C:/Users/kbhar/OneDrive/Desktop/versions/final_1/final_1.srcs/sources_1/new/fruit_check.v:35]
WARNING: [Synth 8-3917] design integ has port dp driven by constant 1
WARNING: [Synth 8-7129] Port clk in module color_display is either unconnected or has no load
WARNING: [Synth 8-7129] Port en in module curs_in_frt is either unconnected or has no load
---------------------------------------------------------------------------------
Finished RTL Elaboration : Time (s): cpu = 00:00:12 ; elapsed = 00:00:18 . Memory (MB): peak = 2091.680 ; gain = 515.727
---------------------------------------------------------------------------------
---------------------------------------------------------------------------------
Start Handling Custom Attributes
---------------------------------------------------------------------------------
---------------------------------------------------------------------------------
Finished Handling Custom Attributes : Time (s): cpu = 00:00:13 ; elapsed = 00:00:19 . Memory (MB): peak = 2091.680 ; gain = 515.727
---------------------------------------------------------------------------------
---------------------------------------------------------------------------------
Finished RTL Optimization Phase 1 : Time (s): cpu = 00:00:13 ; elapsed = 00:00:19 . Memory (MB): peak = 2091.680 ; gain = 515.727
---------------------------------------------------------------------------------
INFO: [Project 1-454] Reading design checkpoint 'c:/Users/kbhar/OneDrive/Desktop/versions/final_1/final_1.gen/sources_1/ip/clk_40M/clk_40M.dcp' for cell 'genck'
INFO: [Project 1-454] Reading design checkpoint 'c:/Users/kbhar/OneDrive/Desktop/versions/final_1/final_1.gen/sources_1/ip/xadc_wiz_0/xadc_wiz_0.dcp' for cell 'converter/your_instance_name'
Netlist sorting complete. Time (s): cpu = 00:00:00 ; elapsed = 00:00:00.123 . Memory (MB): peak = 2091.680 ; gain = 0.000
INFO: [Netlist 29-17] Analyzing 2 Unisim elements for replacement
INFO: [Netlist 29-28] Unisim Transformation completed in 1 CPU seconds
INFO: [Project 1-479] Netlist was created with Vivado 2022.2
INFO: [Project 1-570] Preparing netlist for logic optimization

Processing XDC Constraints
Initializing timing engine
Parsing XDC File [c:/Users/kbhar/OneDrive/Desktop/versions/final_1/final_1.gen/sources_1/ip/clk_40M/clk_40M_board.xdc] for cell 'genck/inst'
Finished Parsing XDC File [c:/Users/kbhar/OneDrive/Desktop/versions/final_1/final_1.gen/sources_1/ip/clk_40M/clk_40M_board.xdc] for cell 'genck/inst'
Parsing XDC File [c:/Users/kbhar/OneDrive/Desktop/versions/final_1/final_1.gen/sources_1/ip/clk_40M/clk_40M.xdc] for cell 'genck/inst'
Finished Parsing XDC File [c:/Users/kbhar/OneDrive/Desktop/versions/final_1/final_1.gen/sources_1/ip/clk_40M/clk_40M.xdc] for cell 'genck/inst'
INFO: [Project 1-236] Implementation specific constraints were found while reading constraint file [c:/Users/kbhar/OneDrive/Desktop/versions/final_1/final_1.gen/sources_1/ip/clk_40M/clk_40M.xdc]. These constraints will be ignored for synthesis but will be used in implementation. Impacted constraints are listed in the file [.Xil/integ_propImpl.xdc].
Resolution: To avoid this warning, move constraints listed in [.Xil/integ_propImpl.xdc] to another XDC file and exclude this new file from synthesis with the used_in_synthesis property (File Properties dialog in GUI) and re-run elaboration/synthesis.
Parsing XDC File [c:/Users/kbhar/OneDrive/Desktop/versions/final_1/final_1.gen/sources_1/ip/xadc_wiz_0/xadc_wiz_0.xdc] for cell 'converter/your_instance_name/inst'
Finished Parsing XDC File [c:/Users/kbhar/OneDrive/Desktop/versions/final_1/final_1.gen/sources_1/ip/xadc_wiz_0/xadc_wiz_0.xdc] for cell 'converter/your_instance_name/inst'
INFO: [Timing 38-2] Deriving generated clocks
Parsing XDC File [C:/Users/kbhar/OneDrive/Desktop/versions/final_1/final_1.srcs/constrs_1/new/constrs.xdc]
Finished Parsing XDC File [C:/Users/kbhar/OneDrive/Desktop/versions/final_1/final_1.srcs/constrs_1/new/constrs.xdc]
Completed Processing XDC Constraints

Netlist sorting complete. Time (s): cpu = 00:00:00 ; elapsed = 00:00:00.003 . Memory (MB): peak = 2183.578 ; gain = 0.000
INFO: [Project 1-111] Unisim Transformation Summary:
No Unisim elements were transformed.

RTL Elaboration Complete:  : Time (s): cpu = 00:00:31 ; elapsed = 00:00:31 . Memory (MB): peak = 2239.797 ; gain = 663.844
103 Infos, 16 Warnings, 0 Critical Warnings and 0 Errors encountered.
synth_design completed successfully
synth_design: Time (s): cpu = 00:00:38 ; elapsed = 00:00:41 . Memory (MB): peak = 2239.797 ; gain = 1019.762
exit
INFO: [Common 17-206] Exiting Vivado at Sun Apr 23 23:24:18 2023...
